{"/Users/lukedyson/Documents/projects/parseLine_test/lib/cleanup.js":{"path":"/Users/lukedyson/Documents/projects/parseLine_test/lib/cleanup.js","s":{"1":1,"2":1,"3":90,"4":1,"5":23,"6":23,"7":23,"8":24,"9":24,"10":1,"11":23,"12":1},"b":{"1":[1,23]},"f":{"1":90,"2":23},"fnMap":{"1":{"name":"(anonymous_1)","line":5,"loc":{"start":{"line":5,"column":22},"end":{"line":5,"column":42}}},"2":{"name":"(anonymous_2)","line":10,"loc":{"start":{"line":10,"column":14},"end":{"line":10,"column":29}}}},"statementMap":{"1":{"start":{"line":1,"column":0},"end":{"line":2,"column":15}},"2":{"start":{"line":5,"column":0},"end":{"line":7,"column":2}},"3":{"start":{"line":6,"column":1},"end":{"line":6,"column":55}},"4":{"start":{"line":10,"column":0},"end":{"line":27,"column":2}},"5":{"start":{"line":11,"column":1},"end":{"line":11,"column":46}},"6":{"start":{"line":14,"column":1},"end":{"line":14,"column":28}},"7":{"start":{"line":17,"column":1},"end":{"line":24,"column":2}},"8":{"start":{"line":18,"column":2},"end":{"line":18,"column":54}},"9":{"start":{"line":21,"column":2},"end":{"line":23,"column":3}},"10":{"start":{"line":22,"column":3},"end":{"line":22,"column":23}},"11":{"start":{"line":26,"column":1},"end":{"line":26,"column":18}},"12":{"start":{"line":29,"column":0},"end":{"line":29,"column":25}}},"branchMap":{"1":{"line":21,"type":"if","locations":[{"start":{"line":21,"column":2},"end":{"line":21,"column":2}},{"start":{"line":21,"column":2},"end":{"line":21,"column":2}}]}}},"/Users/lukedyson/Documents/projects/parseLine_test/lib/parseLine.js":{"path":"/Users/lukedyson/Documents/projects/parseLine_test/lib/parseLine.js","s":{"1":1,"2":1,"3":19,"4":19,"5":19,"6":18,"7":5,"8":18,"9":18,"10":4,"11":4,"12":19,"13":19,"14":1},"b":{"1":[18,1],"2":[5,13],"3":[4,14],"4":[4,15]},"f":{"1":19},"fnMap":{"1":{"name":"(anonymous_1)","line":6,"loc":{"start":{"line":6,"column":16},"end":{"line":6,"column":31}}}},"statementMap":{"1":{"start":{"line":1,"column":0},"end":{"line":3,"column":32}},"2":{"start":{"line":6,"column":0},"end":{"line":41,"column":2}},"3":{"start":{"line":7,"column":3},"end":{"line":7,"column":26}},"4":{"start":{"line":10,"column":3},"end":{"line":17,"column":23}},"5":{"start":{"line":20,"column":1},"end":{"line":35,"column":2}},"6":{"start":{"line":22,"column":2},"end":{"line":24,"column":3}},"7":{"start":{"line":23,"column":3},"end":{"line":23,"column":22}},"8":{"start":{"line":27,"column":2},"end":{"line":27,"column":33}},"9":{"start":{"line":30,"column":2},"end":{"line":34,"column":3}},"10":{"start":{"line":32,"column":3},"end":{"line":32,"column":18}},"11":{"start":{"line":33,"column":3},"end":{"line":33,"column":23}},"12":{"start":{"line":38,"column":1},"end":{"line":38,"column":41}},"13":{"start":{"line":40,"column":1},"end":{"line":40,"column":33}},"14":{"start":{"line":43,"column":0},"end":{"line":43,"column":27}}},"branchMap":{"1":{"line":20,"type":"if","locations":[{"start":{"line":20,"column":1},"end":{"line":20,"column":1}},{"start":{"line":20,"column":1},"end":{"line":20,"column":1}}]},"2":{"line":22,"type":"if","locations":[{"start":{"line":22,"column":2},"end":{"line":22,"column":2}},{"start":{"line":22,"column":2},"end":{"line":22,"column":2}}]},"3":{"line":30,"type":"if","locations":[{"start":{"line":30,"column":2},"end":{"line":30,"column":2}},{"start":{"line":30,"column":2},"end":{"line":30,"column":2}}]},"4":{"line":40,"type":"cond-expr","locations":[{"start":{"line":40,"column":23},"end":{"line":40,"column":25}},{"start":{"line":40,"column":28},"end":{"line":40,"column":32}}]}}}}