{"/Users/lukedyson/Documents/projects/parseLine_test/lib/cleanup.js":{"path":"/Users/lukedyson/Documents/projects/parseLine_test/lib/cleanup.js","s":{"1":1,"2":1,"3":90,"4":1,"5":23,"6":23,"7":23,"8":24,"9":24,"10":1,"11":23,"12":1},"b":{"1":[1,23]},"f":{"1":90,"2":23},"fnMap":{"1":{"name":"(anonymous_1)","line":5,"loc":{"start":{"line":5,"column":22},"end":{"line":5,"column":42}}},"2":{"name":"(anonymous_2)","line":10,"loc":{"start":{"line":10,"column":14},"end":{"line":10,"column":29}}}},"statementMap":{"1":{"start":{"line":1,"column":0},"end":{"line":2,"column":15}},"2":{"start":{"line":5,"column":0},"end":{"line":7,"column":2}},"3":{"start":{"line":6,"column":1},"end":{"line":6,"column":55}},"4":{"start":{"line":10,"column":0},"end":{"line":27,"column":2}},"5":{"start":{"line":11,"column":1},"end":{"line":11,"column":46}},"6":{"start":{"line":14,"column":1},"end":{"line":14,"column":28}},"7":{"start":{"line":17,"column":1},"end":{"line":24,"column":2}},"8":{"start":{"line":18,"column":2},"end":{"line":18,"column":54}},"9":{"start":{"line":21,"column":2},"end":{"line":23,"column":3}},"10":{"start":{"line":22,"column":3},"end":{"line":22,"column":23}},"11":{"start":{"line":26,"column":1},"end":{"line":26,"column":18}},"12":{"start":{"line":29,"column":0},"end":{"line":29,"column":25}}},"branchMap":{"1":{"line":21,"type":"if","locations":[{"start":{"line":21,"column":2},"end":{"line":21,"column":2}},{"start":{"line":21,"column":2},"end":{"line":21,"column":2}}]}}},"/Users/lukedyson/Documents/projects/parseLine_test/lib/parseLine.js":{"path":"/Users/lukedyson/Documents/projects/parseLine_test/lib/parseLine.js","s":{"1":1,"2":1,"3":20,"4":20,"5":19,"6":19,"7":19,"8":19,"9":19,"10":19,"11":19,"12":18,"13":5,"14":18,"15":18,"16":4,"17":4,"18":19,"19":20,"20":1},"b":{"1":[19,1],"2":[18,1],"3":[5,13],"4":[4,14],"5":[4,16]},"f":{"1":20},"fnMap":{"1":{"name":"(anonymous_1)","line":7,"loc":{"start":{"line":7,"column":16},"end":{"line":7,"column":31}}}},"statementMap":{"1":{"start":{"line":1,"column":0},"end":{"line":4,"column":105}},"2":{"start":{"line":7,"column":0},"end":{"line":53,"column":2}},"3":{"start":{"line":8,"column":1},"end":{"line":8,"column":62}},"4":{"start":{"line":11,"column":1},"end":{"line":49,"column":2}},"5":{"start":{"line":13,"column":4},"end":{"line":13,"column":27}},"6":{"start":{"line":16,"column":4},"end":{"line":16,"column":17}},"7":{"start":{"line":19,"column":2},"end":{"line":19,"column":43}},"8":{"start":{"line":20,"column":2},"end":{"line":23,"column":6}},"9":{"start":{"line":26,"column":2},"end":{"line":26,"column":39}},"10":{"start":{"line":27,"column":2},"end":{"line":27,"column":23}},"11":{"start":{"line":30,"column":2},"end":{"line":45,"column":3}},"12":{"start":{"line":32,"column":3},"end":{"line":34,"column":4}},"13":{"start":{"line":33,"column":4},"end":{"line":33,"column":23}},"14":{"start":{"line":37,"column":3},"end":{"line":37,"column":34}},"15":{"start":{"line":40,"column":3},"end":{"line":44,"column":4}},"16":{"start":{"line":42,"column":4},"end":{"line":42,"column":19}},"17":{"start":{"line":43,"column":4},"end":{"line":43,"column":24}},"18":{"start":{"line":48,"column":2},"end":{"line":48,"column":42}},"19":{"start":{"line":52,"column":1},"end":{"line":52,"column":33}},"20":{"start":{"line":55,"column":0},"end":{"line":55,"column":27}}},"branchMap":{"1":{"line":11,"type":"if","locations":[{"start":{"line":11,"column":1},"end":{"line":11,"column":1}},{"start":{"line":11,"column":1},"end":{"line":11,"column":1}}]},"2":{"line":30,"type":"if","locations":[{"start":{"line":30,"column":2},"end":{"line":30,"column":2}},{"start":{"line":30,"column":2},"end":{"line":30,"column":2}}]},"3":{"line":32,"type":"if","locations":[{"start":{"line":32,"column":3},"end":{"line":32,"column":3}},{"start":{"line":32,"column":3},"end":{"line":32,"column":3}}]},"4":{"line":40,"type":"if","locations":[{"start":{"line":40,"column":3},"end":{"line":40,"column":3}},{"start":{"line":40,"column":3},"end":{"line":40,"column":3}}]},"5":{"line":52,"type":"cond-expr","locations":[{"start":{"line":52,"column":23},"end":{"line":52,"column":25}},{"start":{"line":52,"column":28},"end":{"line":52,"column":32}}]}}}}