TN:
SF:/Users/lukedyson/Documents/projects/parseLine_test/lib/cleanup.js
FN:5,(anonymous_1)
FN:10,(anonymous_2)
FNF:2
FNH:2
FNDA:90,(anonymous_1)
FNDA:23,(anonymous_2)
DA:1,1
DA:5,1
DA:6,90
DA:10,1
DA:11,23
DA:14,23
DA:17,23
DA:18,24
DA:21,24
DA:22,1
DA:26,23
DA:29,1
LF:12
LH:12
BRDA:21,1,0,1
BRDA:21,1,1,23
BRF:2
BRH:2
end_of_record
TN:
SF:/Users/lukedyson/Documents/projects/parseLine_test/lib/parseLine.js
FN:6,(anonymous_1)
FNF:1
FNH:1
FNDA:19,(anonymous_1)
DA:1,1
DA:6,1
DA:7,19
DA:10,19
DA:20,19
DA:22,18
DA:23,5
DA:27,18
DA:30,18
DA:32,4
DA:33,4
DA:38,19
DA:40,19
DA:43,1
LF:14
LH:14
BRDA:20,1,0,18
BRDA:20,1,1,1
BRDA:22,2,0,5
BRDA:22,2,1,13
BRDA:30,3,0,4
BRDA:30,3,1,14
BRDA:40,4,0,4
BRDA:40,4,1,15
BRF:8
BRH:8
end_of_record
