TN:
SF:/Users/lukedyson/Documents/projects/parseLine_test/lib/cleanup.js
FN:5,(anonymous_1)
FN:10,(anonymous_2)
FNF:2
FNH:2
FNDA:90,(anonymous_1)
FNDA:23,(anonymous_2)
DA:1,1
DA:5,1
DA:6,90
DA:10,1
DA:11,23
DA:14,23
DA:17,23
DA:18,24
DA:21,24
DA:22,1
DA:26,23
DA:29,1
LF:12
LH:12
BRDA:21,1,0,1
BRDA:21,1,1,23
BRF:2
BRH:2
end_of_record
TN:
SF:/Users/lukedyson/Documents/projects/parseLine_test/lib/parseLine.js
FN:7,(anonymous_1)
FNF:1
FNH:1
FNDA:20,(anonymous_1)
DA:1,1
DA:7,1
DA:8,20
DA:11,20
DA:13,19
DA:16,19
DA:19,19
DA:20,19
DA:26,19
DA:27,19
DA:30,19
DA:32,18
DA:33,5
DA:37,18
DA:40,18
DA:42,4
DA:43,4
DA:48,19
DA:52,20
DA:55,1
LF:20
LH:20
BRDA:11,1,0,19
BRDA:11,1,1,1
BRDA:30,2,0,18
BRDA:30,2,1,1
BRDA:32,3,0,5
BRDA:32,3,1,13
BRDA:40,4,0,4
BRDA:40,4,1,14
BRDA:52,5,0,4
BRDA:52,5,1,16
BRF:10
BRH:10
end_of_record
